66yandex/app/build/intermediates/manifest_merge_blame_file/debug/manifest-merger-blame-debug-report.txt
1<?xml version="1.0" encoding="utf-8"?>
2<manifest xmlns:android="http://schemas.android.com/apk/res/android"
3    package="com.sergek.yandex2"
4    android:versionCode="1"
5    android:versionName="1.0" >
6
7    <uses-sdk
8        android:minSdkVersion="28"
8-->src\main\AndroidManifest.xml
9        android:targetSdkVersion="30" />
9-->src\main\AndroidManifest.xml
10
11    <uses-permission android:name="android.permission.INTERNET" >
11-->src\main\AndroidManifest.xml:4:5-5:23
11-->src\main\AndroidManifest.xml:4:22-64
12    </uses-permission>
13    <uses-permission android:name="android.permission.ACCESS_NETWORK_STATE" >
13-->src\main\AndroidManifest.xml:6:5-8:23
13-->src\main\AndroidManifest.xml:6:22-76
14    </uses-permission>
15    <uses-permission android:name="android.permission.WAKE_LOCK" /> <!-- Required by older versions of Google Play services to create IID tokens -->
15-->[com.google.firebase:firebase-iid:21.0.1] AndroidManifest.xml:24:5-68
15-->[com.google.firebase:firebase-iid:21.0.1] AndroidManifest.xml:24:22-65
16    <uses-permission android:name="com.google.android.c2dm.permission.RECEIVE" />
16-->[com.google.firebase:firebase-iid:21.0.1] AndroidManifest.xml:26:5-82
16-->[com.google.firebase:firebase-iid:21.0.1] AndroidManifest.xml:26:22-79
17
18    <application
18-->src\main\AndroidManifest.xml:10:5-58:19
19        android:allowBackup="true"
19-->src\main\AndroidManifest.xml:11:9-35
20        android:appComponentFactory="androidx.core.app.CoreComponentFactory"
20-->[androidx.core:core:1.3.2] AndroidManifest.xml:24:18-86
21        android:debuggable="true"
22        android:extractNativeLibs="false"
23        android:icon="@mipmap/ic_launcher"
23-->src\main\AndroidManifest.xml:12:9-43
24        android:label="@string/app_name"
24-->src\main\AndroidManifest.xml:13:9-41
25        android:roundIcon="@mipmap/ic_launcher_round"
25-->src\main\AndroidManifest.xml:14:9-54
26        android:supportsRtl="true"
26-->src\main\AndroidManifest.xml:15:9-35
27        android:testOnly="true"
28        android:theme="@style/Theme.Yandex2" >
28-->src\main\AndroidManifest.xml:16:9-45
29        <activity
29-->src\main\AndroidManifest.xml:17:9-30:20
30            android:name="com.sergek.yandex2.MainActivity"
30-->src\main\AndroidManifest.xml:18:13-41
31            android:configChanges="orientation|screenSize"
31-->src\main\AndroidManifest.xml:22:13-59
32            android:label="@string/app_name"
32-->src\main\AndroidManifest.xml:20:13-45
33            android:launchMode="singleTop"
33-->src\main\AndroidManifest.xml:19:13-43
34            android:noHistory="false"
34-->src\main\AndroidManifest.xml:21:13-38
35            android:theme="@style/Theme.Yandex2.NoActionBar" >
35-->src\main\AndroidManifest.xml:24:13-61
36            <intent-filter>
36-->src\main\AndroidManifest.xml:25:13-29:29
37                <action android:name="android.intent.action.MAIN" />
37-->src\main\AndroidManifest.xml:26:17-69
37-->src\main\AndroidManifest.xml:26:25-66
38
39                <category android:name="android.intent.category.LAUNCHER" />
39-->src\main\AndroidManifest.xml:28:17-77
39-->src\main\AndroidManifest.xml:28:27-74
40            </intent-filter>
41        </activity>
42        <activity
42-->src\main\AndroidManifest.xml:31:9-40:20
43            android:name="com.sergek.yandex2.StocksActivity"
43-->src\main\AndroidManifest.xml:31:19-49
44            android:configChanges="orientation|screenSize"
44-->src\main\AndroidManifest.xml:34:13-59
45            android:label="Details"
45-->src\main\AndroidManifest.xml:35:13-36
46            android:launchMode="singleTop"
46-->src\main\AndroidManifest.xml:32:13-43
47            android:noHistory="true" >
47-->src\main\AndroidManifest.xml:33:13-37
48            <meta-data
48-->src\main\AndroidManifest.xml:36:13-37:48
49                android:name="android.support.PARENT_ACTIVITY"
49-->src\main\AndroidManifest.xml:36:24-70
50                android:value=".MainActivity" />
50-->src\main\AndroidManifest.xml:37:17-46
51        </activity>
52
53        <meta-data
53-->src\main\AndroidManifest.xml:42:9-44:57
54            android:name="preloaded_fonts"
54-->src\main\AndroidManifest.xml:43:13-43
55            android:resource="@array/preloaded_fonts" />
55-->src\main\AndroidManifest.xml:44:13-54
56
57        <activity
57-->src\main\AndroidManifest.xml:48:9-57:20
58            android:name="com.sergek.yandex2.Crypto_activity"
58-->src\main\AndroidManifest.xml:48:19-50
59            android:configChanges="orientation|screenSize"
59-->src\main\AndroidManifest.xml:51:13-59
60            android:label="Crypto chart"
60-->src\main\AndroidManifest.xml:52:13-41
61            android:launchMode="singleTop"
61-->src\main\AndroidManifest.xml:49:13-43
62            android:noHistory="true" >
62-->src\main\AndroidManifest.xml:50:13-37
63            <meta-data
63-->src\main\AndroidManifest.xml:36:13-37:48
64                android:name="android.support.PARENT_ACTIVITY"
64-->src\main\AndroidManifest.xml:36:24-70
65                android:value=".MainActivity" />
65-->src\main\AndroidManifest.xml:37:17-46
66        </activity>
67
68        <provider
68-->[com.squareup.picasso:picasso:2.71828] AndroidManifest.xml:8:9-11:40
69            android:name="com.squareup.picasso.PicassoProvider"
69-->[com.squareup.picasso:picasso:2.71828] AndroidManifest.xml:9:13-64
70            android:authorities="com.sergek.yandex2.com.squareup.picasso"
70-->[com.squareup.picasso:picasso:2.71828] AndroidManifest.xml:10:13-72
71            android:exported="false" />
71-->[com.squareup.picasso:picasso:2.71828] AndroidManifest.xml:11:13-37
72        <!--
73             FirebaseMessagingService performs security checks at runtime,
74             but set to not exported to explicitly avoid allowing another app to call it.
75        -->
76        <service
76-->[com.google.firebase:firebase-messaging:21.0.1] AndroidManifest.xml:28:9-35:19
77            android:name="com.google.firebase.messaging.FirebaseMessagingService"
77-->[com.google.firebase:firebase-messaging:21.0.1] AndroidManifest.xml:29:13-82
78            android:directBootAware="true"
78-->[com.google.firebase:firebase-messaging:21.0.1] AndroidManifest.xml:30:13-43
79            android:exported="false" >
79-->[com.google.firebase:firebase-messaging:21.0.1] AndroidManifest.xml:31:13-37
80            <intent-filter android:priority="-500" >
80-->[com.google.firebase:firebase-messaging:21.0.1] AndroidManifest.xml:32:13-34:29
80-->[com.google.firebase:firebase-messaging:21.0.1] AndroidManifest.xml:32:28-51
81                <action android:name="com.google.firebase.MESSAGING_EVENT" />
81-->[com.google.firebase:firebase-messaging:21.0.1] AndroidManifest.xml:33:17-78
81-->[com.google.firebase:firebase-messaging:21.0.1] AndroidManifest.xml:33:25-75
82            </intent-filter>
83        </service>
84        <service
84-->[com.google.firebase:firebase-messaging:21.0.1] AndroidManifest.xml:36:9-42:19
85            android:name="com.google.firebase.components.ComponentDiscoveryService"
85-->[com.google.firebase:firebase-messaging:21.0.1] AndroidManifest.xml:37:13-84
86            android:directBootAware="true"
86-->[com.google.firebase:firebase-common:19.5.0] AndroidManifest.xml:35:13-43
87            android:exported="false" >
87-->[com.google.firebase:firebase-messaging:21.0.1] AndroidManifest.xml:38:13-37
88            <meta-data
88-->[com.google.firebase:firebase-messaging:21.0.1] AndroidManifest.xml:39:13-41:85
89                android:name="com.google.firebase.components:com.google.firebase.messaging.FirebaseMessagingRegistrar"
89-->[com.google.firebase:firebase-messaging:21.0.1] AndroidManifest.xml:40:17-119
90                android:value="com.google.firebase.components.ComponentRegistrar" />
90-->[com.google.firebase:firebase-messaging:21.0.1] AndroidManifest.xml:41:17-82
91            <meta-data
91-->[com.google.firebase:firebase-iid:21.0.1] AndroidManifest.xml:32:13-34:85
92                android:name="com.google.firebase.components:com.google.firebase.iid.Registrar"
92-->[com.google.firebase:firebase-iid:21.0.1] AndroidManifest.xml:33:17-96
93                android:value="com.google.firebase.components.ComponentRegistrar" />
93-->[com.google.firebase:firebase-iid:21.0.1] AndroidManifest.xml:34:17-82
94            <meta-data
94-->[com.google.firebase:firebase-datatransport:17.0.10] AndroidManifest.xml:28:13-30:85
95                android:name="com.google.firebase.components:com.google.firebase.datatransport.TransportRegistrar"
95-->[com.google.firebase:firebase-datatransport:17.0.10] AndroidManifest.xml:29:17-115
96                android:value="com.google.firebase.components.ComponentRegistrar" />
96-->[com.google.firebase:firebase-datatransport:17.0.10] AndroidManifest.xml:30:17-82
97            <meta-data
97-->[com.google.firebase:firebase-installations:16.3.5] AndroidManifest.xml:18:13-20:85
98                android:name="com.google.firebase.components:com.google.firebase.installations.FirebaseInstallationsRegistrar"
98-->[com.google.firebase:firebase-installations:16.3.5] AndroidManifest.xml:19:17-127
99                android:value="com.google.firebase.components.ComponentRegistrar" />
99-->[com.google.firebase:firebase-installations:16.3.5] AndroidManifest.xml:20:17-82
100            <!--
101                This registrar is not defined in the dynamic-module-support sdk itself to allow non-firebase
102                clients to use it as well, by defining this registrar in their own core/common library.
103            -->
104            <meta-data
104-->[com.google.firebase:firebase-common:19.5.0] AndroidManifest.xml:43:13-45:85
105                android:name="com.google.firebase.components:com.google.firebase.dynamicloading.DynamicLoadingRegistrar"
105-->[com.google.firebase:firebase-common:19.5.0] AndroidManifest.xml:44:17-121
106                android:value="com.google.firebase.components.ComponentRegistrar" />
106-->[com.google.firebase:firebase-common:19.5.0] AndroidManifest.xml:45:17-82
107        </service>
108
109        <receiver
109-->[com.google.firebase:firebase-iid:21.0.1] AndroidManifest.xml:37:9-44:20
110            android:name="com.google.firebase.iid.FirebaseInstanceIdReceiver"
110-->[com.google.firebase:firebase-iid:21.0.1] AndroidManifest.xml:38:13-78
111            android:exported="true"
111-->[com.google.firebase:firebase-iid:21.0.1] AndroidManifest.xml:39:13-36
112            android:permission="com.google.android.c2dm.permission.SEND" >
112-->[com.google.firebase:firebase-iid:21.0.1] AndroidManifest.xml:40:13-73
113            <intent-filter>
113-->[com.google.firebase:firebase-iid:21.0.1] AndroidManifest.xml:41:13-43:29
114                <action android:name="com.google.android.c2dm.intent.RECEIVE" />
114-->[com.google.firebase:firebase-iid:21.0.1] AndroidManifest.xml:42:17-81
114-->[com.google.firebase:firebase-iid:21.0.1] AndroidManifest.xml:42:25-78
115            </intent-filter>
116        </receiver>
117
118        <provider
118-->[com.google.firebase:firebase-common:19.5.0] AndroidManifest.xml:26:9-31:39
119            android:name="com.google.firebase.provider.FirebaseInitProvider"
119-->[com.google.firebase:firebase-common:19.5.0] AndroidManifest.xml:27:13-77
120            android:authorities="com.sergek.yandex2.firebaseinitprovider"
120-->[com.google.firebase:firebase-common:19.5.0] AndroidManifest.xml:28:13-72
121            android:directBootAware="true"
121-->[com.google.firebase:firebase-common:19.5.0] AndroidManifest.xml:29:13-43
122            android:exported="false"
122-->[com.google.firebase:firebase-common:19.5.0] AndroidManifest.xml:30:13-37
123            android:initOrder="100" />
123-->[com.google.firebase:firebase-common:19.5.0] AndroidManifest.xml:31:13-36
124
125        <activity
125-->[com.google.android.gms:play-services-base:17.0.0] AndroidManifest.xml:23:9-26:75
126            android:name="com.google.android.gms.common.api.GoogleApiActivity"
126-->[com.google.android.gms:play-services-base:17.0.0] AndroidManifest.xml:24:13-79
127            android:exported="false"
127-->[com.google.android.gms:play-services-base:17.0.0] AndroidManifest.xml:25:13-37
128            android:theme="@android:style/Theme.Translucent.NoTitleBar" />
128-->[com.google.android.gms:play-services-base:17.0.0] AndroidManifest.xml:26:13-72
129
130        <meta-data
130-->[com.google.android.gms:play-services-basement:17.0.0] AndroidManifest.xml:23:9-25:69
131            android:name="com.google.android.gms.version"
131-->[com.google.android.gms:play-services-basement:17.0.0] AndroidManifest.xml:24:13-58
132            android:value="@integer/google_play_services_version" />
132-->[com.google.android.gms:play-services-basement:17.0.0] AndroidManifest.xml:25:13-66
133
134        <service
134-->[com.google.android.datatransport:transport-backend-cct:2.3.3] AndroidManifest.xml:29:9-35:19
135            android:name="com.google.android.datatransport.runtime.backends.TransportBackendDiscovery"
135-->[com.google.android.datatransport:transport-backend-cct:2.3.3] AndroidManifest.xml:30:13-103
136            android:exported="false" >
136-->[com.google.android.datatransport:transport-backend-cct:2.3.3] AndroidManifest.xml:31:13-37
137            <meta-data
137-->[com.google.android.datatransport:transport-backend-cct:2.3.3] AndroidManifest.xml:32:13-34:39
138                android:name="backend:com.google.android.datatransport.cct.CctBackendFactory"
138-->[com.google.android.datatransport:transport-backend-cct:2.3.3] AndroidManifest.xml:33:17-94
139                android:value="cct" />
139-->[com.google.android.datatransport:transport-backend-cct:2.3.3] AndroidManifest.xml:34:17-36
140        </service>
141        <service
141-->[com.google.android.datatransport:transport-runtime:2.2.5] AndroidManifest.xml:26:9-30:19
142            android:name="com.google.android.datatransport.runtime.scheduling.jobscheduling.JobInfoSchedulerService"
142-->[com.google.android.datatransport:transport-runtime:2.2.5] AndroidManifest.xml:27:13-117
143            android:exported="false"
143-->[com.google.android.datatransport:transport-runtime:2.2.5] AndroidManifest.xml:28:13-37
144            android:permission="android.permission.BIND_JOB_SERVICE" >
144-->[com.google.android.datatransport:transport-runtime:2.2.5] AndroidManifest.xml:29:13-69
145        </service>
146
147        <receiver
147-->[com.google.android.datatransport:transport-runtime:2.2.5] AndroidManifest.xml:32:9-34:40
148            android:name="com.google.android.datatransport.runtime.scheduling.jobscheduling.AlarmManagerSchedulerBroadcastReceiver"
148-->[com.google.android.datatransport:transport-runtime:2.2.5] AndroidManifest.xml:33:13-132
149            android:exported="false" />
149-->[com.google.android.datatransport:transport-runtime:2.2.5] AndroidManifest.xml:34:13-37
150    </application>
151
152</manifest>